build/app/intermediates/manifest_merge_blame_file/release/manifest-merger-blame-release-report.txt
1<?xml version="1.0" encoding="utf-8"?>
2<manifest xmlns:android="http://schemas.android.com/apk/res/android"
3    package="com.montage.io"
4    android:versionCode="1"
5    android:versionName="1.0.0" >
6
7    <uses-sdk
8        android:minSdkVersion="19"
8-->src\main\AndroidManifest.xml
9        android:targetSdkVersion="28" />
9-->src\main\AndroidManifest.xml
10    <!--
11         io.flutter.app.FlutterApplication is an android.app.Application that
12         calls FlutterMain.startInitialization(this); in its onCreate method.
13         In most cases you can leave this as-is, but you if you want to provide
14         additional functionality it is fine to subclass or reimplement
15         FlutterApplication and put your custom class here.
16    -->
17
18    <uses-permission android:name="android.permission.INTERNET" />
18-->src\main\AndroidManifest.xml:9:5-67
18-->src\main\AndroidManifest.xml:9:22-64
19    <uses-permission android:name="android.permission.ACCESS_NETWORK_STATE" />
19-->[com.google.android.exoplayer:exoplayer-core:2.14.1] AndroidManifest.xml:24:5-79
19-->[com.google.android.exoplayer:exoplayer-core:2.14.1] AndroidManifest.xml:24:22-76
20    <uses-permission android:name="android.permission.WAKE_LOCK" /> <!-- Required by older versions of Google Play services to create IID tokens -->
20-->[com.google.firebase:firebase-iid:20.3.0] AndroidManifest.xml:24:5-68
20-->[com.google.firebase:firebase-iid:20.3.0] AndroidManifest.xml:24:22-65
21    <uses-permission android:name="com.google.android.c2dm.permission.RECEIVE" />
21-->[com.google.firebase:firebase-iid:20.3.0] AndroidManifest.xml:26:5-82
21-->[com.google.firebase:firebase-iid:20.3.0] AndroidManifest.xml:26:22-79
22    <uses-permission android:name="com.google.android.finsky.permission.BIND_GET_INSTALL_REFERRER_SERVICE" /> <!-- This Line -->
22-->[com.google.android.gms:play-services-measurement:17.6.0] AndroidManifest.xml:26:5-110
22-->[com.google.android.gms:play-services-measurement:17.6.0] AndroidManifest.xml:26:22-107
23    <application
23-->src\main\AndroidManifest.xml:11:5-66:19
24        android:name="io.flutter.app.FlutterApplication"
24-->src\main\AndroidManifest.xml:12:9-57
25        android:appComponentFactory="androidx.core.app.CoreComponentFactory"
25-->[androidx.core:core:1.1.0] AndroidManifest.xml:24:18-86
26        android:icon="@mipmap/ic_launcher"
26-->src\main\AndroidManifest.xml:13:9-43
27        android:label="Montage"
27-->src\main\AndroidManifest.xml:14:9-32
28        android:supportsRtl="true"
28-->[com.facebook.android:facebook-login:8.1.0] AndroidManifest.xml:28:18-44
29        android:usesCleartextTraffic="true" >
29-->src\main\AndroidManifest.xml:15:9-44
30        <activity
30-->src\main\AndroidManifest.xml:16:9-39:20
31            android:name="com.montage.io.MainActivity"
31-->src\main\AndroidManifest.xml:17:13-41
32            android:configChanges="orientation|keyboardHidden|keyboard|screenSize|smallestScreenSize|locale|layoutDirection|fontScale|screenLayout|density|uiMode"
32-->src\main\AndroidManifest.xml:18:13-163
33            android:hardwareAccelerated="true"
33-->src\main\AndroidManifest.xml:19:13-47
34            android:launchMode="singleTop"
34-->src\main\AndroidManifest.xml:20:13-43
35            android:theme="@style/LaunchTheme"
35-->src\main\AndroidManifest.xml:21:13-47
36            android:windowSoftInputMode="adjustResize" >
36-->src\main\AndroidManifest.xml:22:13-55
37
38            <!--
39                 Specifies an Android theme to apply to this Activity as soon as
40                 the Android process has started. This theme is visible to the user
41                 while the Flutter UI initializes. After that, this theme continues
42                 to determine the Window background behind the Flutter UI.
43            -->
44            <meta-data
44-->src\main\AndroidManifest.xml:27:13-29:57
45                android:name="io.flutter.embedding.android.NormalTheme"
45-->src\main\AndroidManifest.xml:28:17-72
46                android:resource="@style/NormalTheme" />
46-->src\main\AndroidManifest.xml:29:17-54
47            <meta-data
47-->src\main\AndroidManifest.xml:32:13-34:66
48                android:name="io.flutter.embedding.android.SplashScreenDrawable"
48-->src\main\AndroidManifest.xml:33:17-81
49                android:resource="@drawable/launch_background" />
49-->src\main\AndroidManifest.xml:34:17-63
50
51            <intent-filter>
51-->src\main\AndroidManifest.xml:35:13-38:29
52                <action android:name="android.intent.action.MAIN" />
52-->src\main\AndroidManifest.xml:36:17-69
52-->src\main\AndroidManifest.xml:36:25-66
53
54                <category android:name="android.intent.category.LAUNCHER" />
54-->src\main\AndroidManifest.xml:37:17-77
54-->src\main\AndroidManifest.xml:37:27-74
55            </intent-filter>
56        </activity>
57
58        <meta-data
58-->src\main\AndroidManifest.xml:40:9-42:55
59            android:name="com.facebook.sdk.ApplicationId"
59-->src\main\AndroidManifest.xml:41:13-58
60            android:value="@string/facebook_app_id" />
60-->src\main\AndroidManifest.xml:42:13-52
61
62        <activity
62-->src\main\AndroidManifest.xml:44:9-47:48
63            android:name="com.facebook.FacebookActivity"
63-->src\main\AndroidManifest.xml:45:13-57
64            android:configChanges="keyboard|keyboardHidden|screenLayout|screenSize|orientation"
64-->src\main\AndroidManifest.xml:46:13-96
65            android:label="@string/app_name"
65-->src\main\AndroidManifest.xml:47:13-45
66            android:theme="@style/com_facebook_activity_theme" />
66-->[com.facebook.android:facebook-common:8.1.0] AndroidManifest.xml:33:13-63
67        <activity
67-->src\main\AndroidManifest.xml:49:9-60:20
68            android:name="com.facebook.CustomTabActivity"
68-->src\main\AndroidManifest.xml:50:13-58
69            android:exported="true" >
69-->src\main\AndroidManifest.xml:51:13-36
70            <intent-filter>
70-->src\main\AndroidManifest.xml:52:13-59:29
71                <action android:name="android.intent.action.VIEW" />
71-->src\main\AndroidManifest.xml:53:17-69
71-->src\main\AndroidManifest.xml:53:25-66
72
73                <category android:name="android.intent.category.DEFAULT" />
73-->src\main\AndroidManifest.xml:55:17-76
73-->src\main\AndroidManifest.xml:55:27-73
74                <category android:name="android.intent.category.BROWSABLE" />
74-->src\main\AndroidManifest.xml:56:17-78
74-->src\main\AndroidManifest.xml:56:27-75
75
76                <data android:scheme="@string/fb_login_protocol_scheme" />
76-->src\main\AndroidManifest.xml:58:17-75
76-->src\main\AndroidManifest.xml:58:23-72
77            </intent-filter>
78            <intent-filter>
78-->[com.facebook.android:facebook-common:8.1.0] AndroidManifest.xml:39:13-48:29
79                <action android:name="android.intent.action.VIEW" />
79-->src\main\AndroidManifest.xml:53:17-69
79-->src\main\AndroidManifest.xml:53:25-66
80
81                <category android:name="android.intent.category.DEFAULT" />
81-->src\main\AndroidManifest.xml:55:17-76
81-->src\main\AndroidManifest.xml:55:27-73
82                <category android:name="android.intent.category.BROWSABLE" />
82-->src\main\AndroidManifest.xml:56:17-78
82-->src\main\AndroidManifest.xml:56:27-75
83
84                <data
84-->src\main\AndroidManifest.xml:58:17-75
85                    android:host="cct.com.montage.io"
86                    android:scheme="fbconnect" />
86-->src\main\AndroidManifest.xml:58:23-72
87            </intent-filter>
88        </activity>
89        <!--
90             Don't delete the meta-data below.
91             This is used by the Flutter tool to generate GeneratedPluginRegistrant.java
92        -->
93        <meta-data
93-->src\main\AndroidManifest.xml:63:9-65:33
94            android:name="flutterEmbedding"
94-->src\main\AndroidManifest.xml:64:13-44
95            android:value="2" />
95-->src\main\AndroidManifest.xml:65:13-30
96
97        <service
97-->[:firebase_auth] AndroidManifest.xml:8:9-12:19
98            android:name="com.google.firebase.components.ComponentDiscoveryService"
98-->[:firebase_auth] AndroidManifest.xml:8:18-89
99            android:directBootAware="true"
99-->[com.google.firebase:firebase-common:19.3.0] AndroidManifest.xml:34:13-43
100            android:exported="false" >
100-->[com.google.firebase:firebase-auth:19.4.0] AndroidManifest.xml:35:13-37
101            <meta-data
101-->[:firebase_auth] AndroidManifest.xml:9:13-11:85
102                android:name="com.google.firebase.components:io.flutter.plugins.firebase.auth.FlutterFirebaseAuthRegistrar"
102-->[:firebase_auth] AndroidManifest.xml:10:17-124
103                android:value="com.google.firebase.components.ComponentRegistrar" />
103-->[:firebase_auth] AndroidManifest.xml:11:17-82
104            <meta-data
104-->[:firebase_messaging] AndroidManifest.xml:14:13-16:85
105                android:name="com.google.firebase.components:io.flutter.plugins.firebasemessaging.FlutterFirebaseAppRegistrar"
105-->[:firebase_messaging] AndroidManifest.xml:15:17-127
106                android:value="com.google.firebase.components.ComponentRegistrar" />
106-->[:firebase_messaging] AndroidManifest.xml:16:17-82
107            <meta-data
107-->[:firebase_core] AndroidManifest.xml:9:13-11:85
108                android:name="com.google.firebase.components:io.flutter.plugins.firebase.core.FlutterFirebaseCoreRegistrar"
108-->[:firebase_core] AndroidManifest.xml:10:17-124
109                android:value="com.google.firebase.components.ComponentRegistrar" />
109-->[:firebase_core] AndroidManifest.xml:11:17-82
110            <meta-data
110-->[com.google.firebase:firebase-auth:19.4.0] AndroidManifest.xml:36:13-38:85
111                android:name="com.google.firebase.components:com.google.firebase.auth.FirebaseAuthRegistrar"
111-->[com.google.firebase:firebase-auth:19.4.0] AndroidManifest.xml:37:17-109
112                android:value="com.google.firebase.components.ComponentRegistrar" />
112-->[com.google.firebase:firebase-auth:19.4.0] AndroidManifest.xml:38:17-82
113            <meta-data
113-->[com.google.firebase:firebase-messaging:20.3.0] AndroidManifest.xml:39:13-41:85
114                android:name="com.google.firebase.components:com.google.firebase.messaging.FirebaseMessagingRegistrar"
114-->[com.google.firebase:firebase-messaging:20.3.0] AndroidManifest.xml:40:17-119
115                android:value="com.google.firebase.components.ComponentRegistrar" />
115-->[com.google.firebase:firebase-messaging:20.3.0] AndroidManifest.xml:41:17-82
116            <meta-data
116-->[com.google.firebase:firebase-iid:20.3.0] AndroidManifest.xml:32:13-34:85
117                android:name="com.google.firebase.components:com.google.firebase.iid.Registrar"
117-->[com.google.firebase:firebase-iid:20.3.0] AndroidManifest.xml:33:17-96
118                android:value="com.google.firebase.components.ComponentRegistrar" />
118-->[com.google.firebase:firebase-iid:20.3.0] AndroidManifest.xml:34:17-82
119            <meta-data
119-->[com.google.android.gms:play-services-measurement-api:17.6.0] AndroidManifest.xml:30:13-32:85
120                android:name="com.google.firebase.components:com.google.firebase.analytics.connector.internal.AnalyticsConnectorRegistrar"
120-->[com.google.android.gms:play-services-measurement-api:17.6.0] AndroidManifest.xml:31:17-139
121                android:value="com.google.firebase.components.ComponentRegistrar" />
121-->[com.google.android.gms:play-services-measurement-api:17.6.0] AndroidManifest.xml:32:17-82
122            <meta-data
122-->[com.google.firebase:firebase-datatransport:17.0.3] AndroidManifest.xml:28:13-30:85
123                android:name="com.google.firebase.components:com.google.firebase.datatransport.TransportRegistrar"
123-->[com.google.firebase:firebase-datatransport:17.0.3] AndroidManifest.xml:29:17-115
124                android:value="com.google.firebase.components.ComponentRegistrar" />
124-->[com.google.firebase:firebase-datatransport:17.0.3] AndroidManifest.xml:30:17-82
125            <meta-data
125-->[com.google.firebase:firebase-installations:16.3.3] AndroidManifest.xml:17:13-19:85
126                android:name="com.google.firebase.components:com.google.firebase.installations.FirebaseInstallationsRegistrar"
126-->[com.google.firebase:firebase-installations:16.3.3] AndroidManifest.xml:18:17-127
127                android:value="com.google.firebase.components.ComponentRegistrar" />
127-->[com.google.firebase:firebase-installations:16.3.3] AndroidManifest.xml:19:17-82
128        </service>
129        <service android:name="io.flutter.plugins.firebasemessaging.FlutterFirebaseMessagingService" >
129-->[:firebase_messaging] AndroidManifest.xml:8:9-12:19
129-->[:firebase_messaging] AndroidManifest.xml:8:18-101
130            <intent-filter>
130-->[:firebase_messaging] AndroidManifest.xml:9:13-11:29
131                <action android:name="com.google.firebase.MESSAGING_EVENT" />
131-->[:firebase_messaging] AndroidManifest.xml:10:17-78
131-->[:firebase_messaging] AndroidManifest.xml:10:25-75
132            </intent-filter>
133        </service>
134
135        <activity
135-->[:url_launcher] AndroidManifest.xml:8:9-11:74
136            android:name="io.flutter.plugins.urllauncher.WebViewActivity"
136-->[:url_launcher] AndroidManifest.xml:9:13-74
137            android:exported="false"
137-->[:url_launcher] AndroidManifest.xml:10:13-37
138            android:theme="@android:style/Theme.NoTitleBar.Fullscreen" />
138-->[:url_launcher] AndroidManifest.xml:11:13-71
139        <activity android:name="com.facebook.CustomTabMainActivity" />
139-->[com.facebook.android:facebook-common:8.1.0] AndroidManifest.xml:34:9-71
139-->[com.facebook.android:facebook-common:8.1.0] AndroidManifest.xml:34:19-68
140        <activity
140-->[com.google.firebase:firebase-auth:19.4.0] AndroidManifest.xml:24:9-31:50
141            android:name="com.google.firebase.auth.internal.FederatedSignInActivity"
141-->[com.google.firebase:firebase-auth:19.4.0] AndroidManifest.xml:25:13-85
142            android:excludeFromRecents="true"
142-->[com.google.firebase:firebase-auth:19.4.0] AndroidManifest.xml:26:13-46
143            android:exported="true"
143-->[com.google.firebase:firebase-auth:19.4.0] AndroidManifest.xml:27:13-36
144            android:launchMode="singleTask"
144-->[com.google.firebase:firebase-auth:19.4.0] AndroidManifest.xml:28:13-44
145            android:permission="com.google.firebase.auth.api.gms.permission.LAUNCH_FEDERATED_SIGN_IN"
145-->[com.google.firebase:firebase-auth:19.4.0] AndroidManifest.xml:29:13-102
146            android:theme="@android:style/Theme.Translucent.NoTitleBar" />
146-->[com.google.firebase:firebase-auth:19.4.0] AndroidManifest.xml:30:13-72
147        <!--
148         The initialization ContentProvider will call FacebookSdk.sdkInitialize automatically
149         with the application context. This config is merged in with the host app's manifest,
150         but there can only be one provider with the same authority activated at any given
151         point; so if the end user has two or more different apps that use Facebook SDK, only the
152         first one will be able to use the provider. To work around this problem, we use the
153         following placeholder in the authority to identify each host application as if it was
154         a completely different provider.
155        -->
156        <provider
156-->[com.facebook.android:facebook-core:8.1.0] AndroidManifest.xml:39:9-42:40
157            android:name="com.facebook.internal.FacebookInitProvider"
157-->[com.facebook.android:facebook-core:8.1.0] AndroidManifest.xml:40:13-70
158            android:authorities="com.montage.io.FacebookInitProvider"
158-->[com.facebook.android:facebook-core:8.1.0] AndroidManifest.xml:41:13-72
159            android:exported="false" />
159-->[com.facebook.android:facebook-core:8.1.0] AndroidManifest.xml:42:13-37
160
161        <receiver
161-->[com.facebook.android:facebook-core:8.1.0] AndroidManifest.xml:44:9-50:20
162            android:name="com.facebook.CurrentAccessTokenExpirationBroadcastReceiver"
162-->[com.facebook.android:facebook-core:8.1.0] AndroidManifest.xml:45:13-86
163            android:exported="false" >
163-->[com.facebook.android:facebook-core:8.1.0] AndroidManifest.xml:46:13-37
164            <intent-filter>
164-->[com.facebook.android:facebook-core:8.1.0] AndroidManifest.xml:47:13-49:29
165                <action android:name="com.facebook.sdk.ACTION_CURRENT_ACCESS_TOKEN_CHANGED" />
165-->[com.facebook.android:facebook-core:8.1.0] AndroidManifest.xml:48:17-95
165-->[com.facebook.android:facebook-core:8.1.0] AndroidManifest.xml:48:25-92
166            </intent-filter>
167        </receiver>
168        <!--
169             FirebaseMessagingService performs security checks at runtime,
170             but set to not exported to explicitly avoid allowing another app to call it.
171        -->
172        <service
172-->[com.google.firebase:firebase-messaging:20.3.0] AndroidManifest.xml:28:9-35:19
173            android:name="com.google.firebase.messaging.FirebaseMessagingService"
173-->[com.google.firebase:firebase-messaging:20.3.0] AndroidManifest.xml:29:13-82
174            android:directBootAware="true"
174-->[com.google.firebase:firebase-messaging:20.3.0] AndroidManifest.xml:30:13-43
175            android:exported="false" >
175-->[com.google.firebase:firebase-messaging:20.3.0] AndroidManifest.xml:31:13-37
176            <intent-filter android:priority="-500" >
176-->[:firebase_messaging] AndroidManifest.xml:9:13-11:29
177                <action android:name="com.google.firebase.MESSAGING_EVENT" />
177-->[:firebase_messaging] AndroidManifest.xml:10:17-78
177-->[:firebase_messaging] AndroidManifest.xml:10:25-75
178            </intent-filter>
179        </service>
180
181        <receiver
181-->[com.google.firebase:firebase-iid:20.3.0] AndroidManifest.xml:37:9-44:20
182            android:name="com.google.firebase.iid.FirebaseInstanceIdReceiver"
182-->[com.google.firebase:firebase-iid:20.3.0] AndroidManifest.xml:38:13-78
183            android:exported="true"
183-->[com.google.firebase:firebase-iid:20.3.0] AndroidManifest.xml:39:13-36
184            android:permission="com.google.android.c2dm.permission.SEND" >
184-->[com.google.firebase:firebase-iid:20.3.0] AndroidManifest.xml:40:13-73
185            <intent-filter>
185-->[com.google.firebase:firebase-iid:20.3.0] AndroidManifest.xml:41:13-43:29
186                <action android:name="com.google.android.c2dm.intent.RECEIVE" />
186-->[com.google.firebase:firebase-iid:20.3.0] AndroidManifest.xml:42:17-81
186-->[com.google.firebase:firebase-iid:20.3.0] AndroidManifest.xml:42:25-78
187            </intent-filter>
188        </receiver>
189        <receiver
189-->[com.google.android.gms:play-services-measurement:17.6.0] AndroidManifest.xml:29:9-33:20
190            android:name="com.google.android.gms.measurement.AppMeasurementReceiver"
190-->[com.google.android.gms:play-services-measurement:17.6.0] AndroidManifest.xml:30:13-85
191            android:enabled="true"
191-->[com.google.android.gms:play-services-measurement:17.6.0] AndroidManifest.xml:31:13-35
192            android:exported="false" >
192-->[com.google.android.gms:play-services-measurement:17.6.0] AndroidManifest.xml:32:13-37
193        </receiver>
194
195        <service
195-->[com.google.android.gms:play-services-measurement:17.6.0] AndroidManifest.xml:35:9-38:40
196            android:name="com.google.android.gms.measurement.AppMeasurementService"
196-->[com.google.android.gms:play-services-measurement:17.6.0] AndroidManifest.xml:36:13-84
197            android:enabled="true"
197-->[com.google.android.gms:play-services-measurement:17.6.0] AndroidManifest.xml:37:13-35
198            android:exported="false" />
198-->[com.google.android.gms:play-services-measurement:17.6.0] AndroidManifest.xml:38:13-37
199        <service
199-->[com.google.android.gms:play-services-measurement:17.6.0] AndroidManifest.xml:39:9-43:72
200            android:name="com.google.android.gms.measurement.AppMeasurementJobService"
200-->[com.google.android.gms:play-services-measurement:17.6.0] AndroidManifest.xml:40:13-87
201            android:enabled="true"
201-->[com.google.android.gms:play-services-measurement:17.6.0] AndroidManifest.xml:41:13-35
202            android:exported="false"
202-->[com.google.android.gms:play-services-measurement:17.6.0] AndroidManifest.xml:42:13-37
203            android:permission="android.permission.BIND_JOB_SERVICE" />
203-->[com.google.android.gms:play-services-measurement:17.6.0] AndroidManifest.xml:43:13-69
204
205        <activity
205-->[com.google.android.gms:play-services-auth:16.0.1] AndroidManifest.xml:23:9-27:75
206            android:name="com.google.android.gms.auth.api.signin.internal.SignInHubActivity"
206-->[com.google.android.gms:play-services-auth:16.0.1] AndroidManifest.xml:24:13-93
207            android:excludeFromRecents="true"
207-->[com.google.android.gms:play-services-auth:16.0.1] AndroidManifest.xml:25:13-46
208            android:exported="false"
208-->[com.google.android.gms:play-services-auth:16.0.1] AndroidManifest.xml:26:13-37
209            android:theme="@android:style/Theme.Translucent.NoTitleBar" />
209-->[com.google.android.gms:play-services-auth:16.0.1] AndroidManifest.xml:27:13-72
210        <!--
211            Service handling Google Sign-In user revocation. For apps that do not integrate with
212            Google Sign-In, this service will never be started.
213        -->
214        <service
214-->[com.google.android.gms:play-services-auth:16.0.1] AndroidManifest.xml:33:9-36:110
215            android:name="com.google.android.gms.auth.api.signin.RevocationBoundService"
215-->[com.google.android.gms:play-services-auth:16.0.1] AndroidManifest.xml:34:13-89
216            android:exported="true"
216-->[com.google.android.gms:play-services-auth:16.0.1] AndroidManifest.xml:35:13-36
217            android:permission="com.google.android.gms.auth.api.signin.permission.REVOCATION_NOTIFICATION" />
217-->[com.google.android.gms:play-services-auth:16.0.1] AndroidManifest.xml:36:13-107
218
219        <provider
219-->[com.google.firebase:firebase-common:19.3.0] AndroidManifest.xml:26:9-30:39
220            android:name="com.google.firebase.provider.FirebaseInitProvider"
220-->[com.google.firebase:firebase-common:19.3.0] AndroidManifest.xml:27:13-77
221            android:authorities="com.montage.io.firebaseinitprovider"
221-->[com.google.firebase:firebase-common:19.3.0] AndroidManifest.xml:28:13-72
222            android:exported="false"
222-->[com.google.firebase:firebase-common:19.3.0] AndroidManifest.xml:29:13-37
223            android:initOrder="100" />
223-->[com.google.firebase:firebase-common:19.3.0] AndroidManifest.xml:30:13-36
224
225        <activity
225-->[com.google.android.gms:play-services-base:17.1.0] AndroidManifest.xml:23:9-26:75
226            android:name="com.google.android.gms.common.api.GoogleApiActivity"
226-->[com.google.android.gms:play-services-base:17.1.0] AndroidManifest.xml:24:13-79
227            android:exported="false"
227-->[com.google.android.gms:play-services-base:17.1.0] AndroidManifest.xml:25:13-37
228            android:theme="@android:style/Theme.Translucent.NoTitleBar" />
228-->[com.google.android.gms:play-services-base:17.1.0] AndroidManifest.xml:26:13-72
229
230        <meta-data
230-->[com.google.android.gms:play-services-basement:17.0.0] AndroidManifest.xml:23:9-25:69
231            android:name="com.google.android.gms.version"
231-->[com.google.android.gms:play-services-basement:17.0.0] AndroidManifest.xml:24:13-58
232            android:value="@integer/google_play_services_version" />
232-->[com.google.android.gms:play-services-basement:17.0.0] AndroidManifest.xml:25:13-66
233
234        <service
234-->[com.google.android.datatransport:transport-backend-cct:2.2.0] AndroidManifest.xml:29:9-35:19
235            android:name="com.google.android.datatransport.runtime.backends.TransportBackendDiscovery"
235-->[com.google.android.datatransport:transport-backend-cct:2.2.0] AndroidManifest.xml:30:13-103
236            android:exported="false" >
236-->[com.google.android.datatransport:transport-backend-cct:2.2.0] AndroidManifest.xml:31:13-37
237            <meta-data
237-->[com.google.android.datatransport:transport-backend-cct:2.2.0] AndroidManifest.xml:32:13-34:39
238                android:name="backend:com.google.android.datatransport.cct.CctBackendFactory"
238-->[com.google.android.datatransport:transport-backend-cct:2.2.0] AndroidManifest.xml:33:17-94
239                android:value="cct" />
239-->[com.google.android.datatransport:transport-backend-cct:2.2.0] AndroidManifest.xml:34:17-36
240        </service>
241        <service
241-->[com.google.android.datatransport:transport-runtime:2.2.0] AndroidManifest.xml:26:9-30:19
242            android:name="com.google.android.datatransport.runtime.scheduling.jobscheduling.JobInfoSchedulerService"
242-->[com.google.android.datatransport:transport-runtime:2.2.0] AndroidManifest.xml:27:13-117
243            android:exported="false"
243-->[com.google.android.datatransport:transport-runtime:2.2.0] AndroidManifest.xml:28:13-37
244            android:permission="android.permission.BIND_JOB_SERVICE" >
244-->[com.google.android.datatransport:transport-runtime:2.2.0] AndroidManifest.xml:29:13-69
245        </service>
246
247        <receiver
247-->[com.google.android.datatransport:transport-runtime:2.2.0] AndroidManifest.xml:32:9-34:40
248            android:name="com.google.android.datatransport.runtime.scheduling.jobscheduling.AlarmManagerSchedulerBroadcastReceiver"
248-->[com.google.android.datatransport:transport-runtime:2.2.0] AndroidManifest.xml:33:13-132
249            android:exported="false" />
249-->[com.google.android.datatransport:transport-runtime:2.2.0] AndroidManifest.xml:34:13-37
250    </application>
251
252</manifest>